<?xml version="1.0" encoding="UTF-8"?>
<testng-results skipped="0" failed="0" ignored="0" total="1" passed="1">
  <reporter-output>
  </reporter-output>
  <suite name="Suite" duration-ms="75827" started-at="2018-09-29T06:21:40Z" finished-at="2018-09-29T06:22:56Z">
    <groups>
    </groups>
    <test name="Test" duration-ms="75827" started-at="2018-09-29T06:21:40Z" finished-at="2018-09-29T06:22:56Z">
      <class name="demo.sauce.lab.SauceLab_Test">
        <test-method status="PASS" signature="Sauce_Test()[pri:0, instance:demo.sauce.lab.SauceLab_Test@57fffcd7]" name="Sauce_Test" duration-ms="75777" started-at="2018-09-28T23:21:40Z" finished-at="2018-09-28T23:22:56Z">
          <reporter-output>
          </reporter-output>
        </test-method> <!-- Sauce_Test -->
      </class> <!-- demo.sauce.lab.SauceLab_Test -->
    </test> <!-- Test -->
  </suite> <!-- Suite -->
</testng-results>
